1681401696453:--help
1681401712505:startcluster
1681552051220:startcluster 1 1 1 1 1 1
1681552247904:start cluster 1 1 1 1 1 1 1
1681552259352:start cluster 1 1 1 1 1 1
1681552267695:startcluster 1 1 1 1 1 1
1681559197691:help
1681559392016:helph2cluster
1681559410039:helpcluster
1681559511791:help
1681559515614:helpcluster
1681559612133:help
1681559614648:helpcluster
1681895436205:startsourceServer
1681895536012:startsourceserver
1681895546090:startsourceServer
1681895709446:startsourceserver
1681995662660:starttargetserver
1681995676557:startsourceserver
1682061960953:stopsourceserver
1682062143555:startsourceserver
1682062149002:statussourceserver
1682062158134:stopsourceserver
1682062163141:statussourceserver
